<?xml version="1.0" encoding="UTF-8"?>
<!-- Generated by org.testng.reporters.JUnitXMLReporter -->
<testsuite ignored="0" hostname="DESKTOP-1UE22RV" failures="1" tests="22" name="TL-006" time="135.208" errors="0" timestamp="2023-10-11T22:38:00 NPT">
  <testcase classname="testCase.TestUserManagement" name="testAddUserCancel" time="5.787"/>
  <testcase classname="testCase.TestUserManagement" name="testAddUser" time="6.577"/>
  <testcase classname="testCase.TestUserManagement" name="testAddUser" time="6.826"/>
  <testcase classname="testCase.TestUserManagement" name="testAddUser" time="8.398"/>
  <testcase classname="testCase.TestUserManagement" name="testAddUser" time="8.424"/>
  <testcase classname="testCase.TestUserManagement" name="testAddUser" time="9.628"/>
  <testcase classname="testCase.TestUserManagement" name="testAddUser" time="4.648">
    <failure type="org.openqa.selenium.StaleElementReferenceException" message="stale element reference: stale element not found
  (Session info: chrome=117.0.5938.150)
For documentation on this error, please visit: https://www.selenium.dev/documentation/webdriver/troubleshooting/errors#stale-element-reference-exception
Build info: version: &amp;apos;4.13.0&amp;apos;, revision: &amp;apos;ba948ece5b*&amp;apos;
System info: os.name: &amp;apos;Windows 11&amp;apos;, os.arch: &amp;apos;amd64&amp;apos;, os.version: &amp;apos;10.0&amp;apos;, java.version: &amp;apos;17.0.8&amp;apos;
Driver info: org.openqa.selenium.chrome.ChromeDriver
Command: [68d1aed11575cf27871af1fdb4350b87, clickElement {id=4BE7BAE9B510BA3DD6317327DFCB499D_element_1393}]
Capabilities {acceptInsecureCerts: false, browserName: chrome, browserVersion: 117.0.5938.150, chrome: {chromedriverVersion: 117.0.5938.149 (e3344ddefa1..., userDataDir: C:\Users\REJAN~1.BAJ\AppDat...}, fedcm:accounts: true, goog:chromeOptions: {debuggerAddress: localhost:50886}, networkConnectionEnabled: false, pageLoadStrategy: normal, platformName: windows, proxy: Proxy(), se:cdp: ws://localhost:50886/devtoo..., se:cdpVersion: 117.0.5938.150, setWindowRect: true, strictFileInteractability: false, timeouts: {implicit: 0, pageLoad: 300000, script: 30000}, unhandledPromptBehavior: dismiss and notify, webauthn:extension:credBlob: true, webauthn:extension:largeBlob: true, webauthn:extension:minPinLength: true, webauthn:extension:prf: true, webauthn:virtualAuthenticators: true}
Element: [[[[ChromeDriver: chrome on windows (68d1aed11575cf27871af1fdb4350b87)] -&amp;gt; xpath: //div[@class=&amp;apos;oxd-select-text-input&amp;apos;]]] -&amp;gt; xpath: //*[@role=&amp;apos;option&amp;apos;]//*[contains(text(),&amp;apos;Admin&amp;apos;)]]
Session ID: 68d1aed11575cf27871af1fdb4350b87">
      <![CDATA[org.openqa.selenium.StaleElementReferenceException: stale element reference: stale element not found
  (Session info: chrome=117.0.5938.150)
For documentation on this error, please visit: https://www.selenium.dev/documentation/webdriver/troubleshooting/errors#stale-element-reference-exception
Build info: version: '4.13.0', revision: 'ba948ece5b*'
System info: os.name: 'Windows 11', os.arch: 'amd64', os.version: '10.0', java.version: '17.0.8'
Driver info: org.openqa.selenium.chrome.ChromeDriver
Command: [68d1aed11575cf27871af1fdb4350b87, clickElement {id=4BE7BAE9B510BA3DD6317327DFCB499D_element_1393}]
Capabilities {acceptInsecureCerts: false, browserName: chrome, browserVersion: 117.0.5938.150, chrome: {chromedriverVersion: 117.0.5938.149 (e3344ddefa1..., userDataDir: C:\Users\REJAN~1.BAJ\AppDat...}, fedcm:accounts: true, goog:chromeOptions: {debuggerAddress: localhost:50886}, networkConnectionEnabled: false, pageLoadStrategy: normal, platformName: windows, proxy: Proxy(), se:cdp: ws://localhost:50886/devtoo..., se:cdpVersion: 117.0.5938.150, setWindowRect: true, strictFileInteractability: false, timeouts: {implicit: 0, pageLoad: 300000, script: 30000}, unhandledPromptBehavior: dismiss and notify, webauthn:extension:credBlob: true, webauthn:extension:largeBlob: true, webauthn:extension:minPinLength: true, webauthn:extension:prf: true, webauthn:virtualAuthenticators: true}
Element: [[[[ChromeDriver: chrome on windows (68d1aed11575cf27871af1fdb4350b87)] -> xpath: //div[@class='oxd-select-text-input']]] -> xpath: //*[@role='option']//*[contains(text(),'Admin')]]
Session ID: 68d1aed11575cf27871af1fdb4350b87
at org.openqa.selenium.remote.codec.w3c.W3CHttpResponseCodec.createException(W3CHttpResponseCodec.java:200)
at org.openqa.selenium.remote.codec.w3c.W3CHttpResponseCodec.decode(W3CHttpResponseCodec.java:133)
at org.openqa.selenium.remote.codec.w3c.W3CHttpResponseCodec.decode(W3CHttpResponseCodec.java:52)
at org.openqa.selenium.remote.HttpCommandExecutor.execute(HttpCommandExecutor.java:191)
at org.openqa.selenium.remote.service.DriverCommandExecutor.invokeExecute(DriverCommandExecutor.java:196)
at org.openqa.selenium.remote.service.DriverCommandExecutor.execute(DriverCommandExecutor.java:171)
at org.openqa.selenium.remote.RemoteWebDriver.execute(RemoteWebDriver.java:602)
at org.openqa.selenium.remote.RemoteWebElement.execute(RemoteWebElement.java:224)
at org.openqa.selenium.remote.RemoteWebElement.click(RemoteWebElement.java:77)
at pageModal.UserManagement.selectDropdown(UserManagement.java:207)
at pageModal.UserManagement.populate(UserManagement.java:145)
at testCase.TestUserManagement.testAddUser(TestUserManagement.java:24)
at java.base/java.util.ArrayList.forEach(ArrayList.java:1511)
at com.intellij.rt.testng.IDEARemoteTestNG.run(IDEARemoteTestNG.java:66)
at com.intellij.rt.testng.RemoteTestNGStarter.main(RemoteTestNGStarter.java:109)
... Removed 29 stack frames]]>
    </failure>
  </testcase> <!-- testAddUser -->
  <testcase classname="testCase.TestUserManagement" name="testAddUser" time="11.881"/>
  <testcase classname="testCase.TestUserManagement" name="testAddUser" time="11.798"/>
  <testcase classname="testCase.TestUserManagement" name="testAddUser" time="11.846"/>
  <testcase classname="testCase.TestUserManagement" name="testSearchUser" time="4.145"/>
  <testcase classname="testCase.TestUserManagement" name="testSearchUser" time="3.931"/>
  <testcase classname="testCase.TestUserManagement" name="testSearchUser" time="3.969"/>
  <testcase classname="testCase.TestUserManagement" name="resetSearch" time="3.635"/>
  <testcase classname="testCase.TestUserManagement" name="testSearchByRole" time="3.727"/>
  <testcase classname="testCase.TestUserManagement" name="testSearchByRole" time="3.934"/>
  <testcase classname="testCase.TestUserManagement" name="testSearchByStatus" time="4.023"/>
  <testcase classname="testCase.TestUserManagement" name="testSearchByStatus" time="3.858"/>
  <testcase classname="testCase.TestUserManagement" name="testSearch" time="4.324"/>
  <testcase classname="testCase.TestUserManagement" name="testSearch" time="4.845"/>
  <testcase classname="testCase.TestUserManagement" name="deleteUser" time="4.127"/>
  <testcase classname="testCase.TestUserManagement" name="deleteUser" time="3.966"/>
</testsuite> <!-- TL-006 -->
